<?xml version="1.0" encoding="UTF-8"?>
<testsuite xmlns:xsi="http://www.w3.org/2001/XMLSchema-instance" xsi:noNamespaceSchemaLocation="https://maven.apache.org/surefire/maven-surefire-plugin/xsd/surefire-test-report.xsd" name="io.github.assimbly.processors.ConvertDataFormat.ConvertDataFormatTest" time="0.812" tests="1" errors="0" skipped="0" failures="0">
  <properties>
    <property name="sun.desktop" value="windows"/>
    <property name="awt.toolkit" value="sun.awt.windows.WToolkit"/>
    <property name="java.specification.version" value="11"/>
    <property name="sun.cpu.isalist" value="amd64"/>
    <property name="sun.jnu.encoding" value="Cp1252"/>
    <property name="java.class.path" value="C:\Users\user\Documents\workspace-jhipster\ConvertDataFormat\nifi-convertdataformat-processors\target\test-classes;C:\Users\user\Documents\workspace-jhipster\ConvertDataFormat\nifi-convertdataformat-processors\target\classes;C:\Users\user\.m2\repository\org\apache\nifi\nifi-api\1.10.0\nifi-api-1.10.0.jar;C:\Users\user\.m2\repository\org\apache\nifi\nifi-utils\1.10.0\nifi-utils-1.10.0.jar;C:\Users\user\.m2\repository\javax\xml\bind\jaxb-api\2.3.0\jaxb-api-2.3.0.jar;C:\Users\user\.m2\repository\com\sun\xml\bind\jaxb-core\2.3.0\jaxb-core-2.3.0.jar;C:\Users\user\.m2\repository\com\sun\xml\bind\jaxb-impl\2.3.0\jaxb-impl-2.3.0.jar;C:\Users\user\.m2\repository\org\apache\nifi\nifi-mock\1.10.0\nifi-mock-1.10.0.jar;C:\Users\user\.m2\repository\org\apache\nifi\nifi-framework-api\1.10.0\nifi-framework-api-1.10.0.jar;C:\Users\user\.m2\repository\org\apache\nifi\nifi-parameter\1.10.0\nifi-parameter-1.10.0.jar;C:\Users\user\.m2\repository\org\apache\nifi\nifi-expression-language\1.10.0\nifi-expression-language-1.10.0.jar;C:\Users\user\.m2\repository\org\antlr\antlr-runtime\3.5.2\antlr-runtime-3.5.2.jar;C:\Users\user\.m2\repository\com\jayway\jsonpath\json-path\2.4.0\json-path-2.4.0.jar;C:\Users\user\.m2\repository\net\minidev\json-smart\2.3\json-smart-2.3.jar;C:\Users\user\.m2\repository\net\minidev\accessors-smart\1.2\accessors-smart-1.2.jar;C:\Users\user\.m2\repository\org\ow2\asm\asm\5.0.4\asm-5.0.4.jar;C:\Users\user\.m2\repository\org\apache\commons\commons-text\1.8\commons-text-1.8.jar;C:\Users\user\.m2\repository\org\apache\nifi\nifi-data-provenance-utils\1.10.0\nifi-data-provenance-utils-1.10.0.jar;C:\Users\user\.m2\repository\org\apache\nifi\nifi-security-utils\1.10.0\nifi-security-utils-1.10.0.jar;C:\Users\user\.m2\repository\commons-codec\commons-codec\1.12\commons-codec-1.12.jar;C:\Users\user\.m2\repository\org\bouncycastle\bcpkix-jdk15on\1.61\bcpkix-jdk15on-1.61.jar;C:\Users\user\.m2\repository\de\svenkubiak\jBCrypt\0.4.1\jBCrypt-0.4.1.jar;C:\Users\user\.m2\repository\org\apache\commons\commons-configuration2\2.4\commons-configuration2-2.4.jar;C:\Users\user\.m2\repository\com\sun\activation\javax.activation\1.2.0\javax.activation-1.2.0.jar;C:\Users\user\.m2\repository\org\bouncycastle\bcprov-jdk15on\1.61\bcprov-jdk15on-1.61.jar;C:\Users\user\.m2\repository\org\apache\nifi\nifi-properties-loader\1.10.0\nifi-properties-loader-1.10.0.jar;C:\Users\user\.m2\repository\org\apache\nifi\nifi-properties\1.10.0\nifi-properties-1.10.0.jar;C:\Users\user\.m2\repository\org\slf4j\slf4j-simple\1.7.26\slf4j-simple-1.7.26.jar;C:\Users\user\.m2\repository\org\slf4j\slf4j-api\1.7.26\slf4j-api-1.7.26.jar;C:\Users\user\.m2\repository\commons-io\commons-io\2.6\commons-io-2.6.jar;C:\Users\user\.m2\repository\io\github\assimbly\docconverter\1.2.0\docconverter-1.2.0.jar;C:\Users\user\.m2\repository\commons-collections\commons-collections\3.2.2\commons-collections-3.2.2.jar;C:\Users\user\.m2\repository\commons-jxpath\commons-jxpath\1.3\commons-jxpath-1.3.jar;C:\Users\user\.m2\repository\com\opencsv\opencsv\4.4\opencsv-4.4.jar;C:\Users\user\.m2\repository\org\apache\commons\commons-lang3\3.8.1\commons-lang3-3.8.1.jar;C:\Users\user\.m2\repository\commons-beanutils\commons-beanutils\1.9.3\commons-beanutils-1.9.3.jar;C:\Users\user\.m2\repository\commons-logging\commons-logging\1.2\commons-logging-1.2.jar;C:\Users\user\.m2\repository\org\apache\commons\commons-collections4\4.2\commons-collections4-4.2.jar;C:\Users\user\.m2\repository\com\thoughtworks\xstream\xstream\1.4.11.1\xstream-1.4.11.1.jar;C:\Users\user\.m2\repository\xmlpull\xmlpull\1.1.3.1\xmlpull-1.1.3.1.jar;C:\Users\user\.m2\repository\xpp3\xpp3_min\1.1.4c\xpp3_min-1.1.4c.jar;C:\Users\user\.m2\repository\org\simpleflatmapper\sfm-csv\6.0.9\sfm-csv-6.0.9.jar;C:\Users\user\.m2\repository\org\simpleflatmapper\lightning-csv\6.0.9\lightning-csv-6.0.9-jdk9.jar;C:\Users\user\.m2\repository\org\simpleflatmapper\ow2-asm\6.2\ow2-asm-6.2.jar;C:\Users\user\.m2\repository\org\simpleflatmapper\sfm-util\6.0.9\sfm-util-6.0.9-jdk9.jar;C:\Users\user\.m2\repository\org\simpleflatmapper\sfm-map\6.0.9\sfm-map-6.0.9-jdk9.jar;C:\Users\user\.m2\repository\org\simpleflatmapper\sfm-reflect\6.0.9\sfm-reflect-6.0.9-jdk9.jar;C:\Users\user\.m2\repository\org\simpleflatmapper\sfm-converter\6.0.9\sfm-converter-6.0.9-jdk9.jar;C:\Users\user\.m2\repository\org\simpleflatmapper\sfm-tuples\6.0.9\sfm-tuples-6.0.9-jdk9.jar;C:\Users\user\.m2\repository\com\univocity\univocity-parsers\2.8.2\univocity-parsers-2.8.2.jar;C:\Users\user\.m2\repository\org\json\json\20180813\json-20180813.jar;C:\Users\user\.m2\repository\com\fasterxml\jackson\core\jackson-databind\2.9.9\jackson-databind-2.9.9.jar;C:\Users\user\.m2\repository\com\fasterxml\jackson\core\jackson-annotations\2.9.0\jackson-annotations-2.9.0.jar;C:\Users\user\.m2\repository\com\fasterxml\jackson\core\jackson-core\2.9.9\jackson-core-2.9.9.jar;C:\Users\user\.m2\repository\com\fasterxml\jackson\dataformat\jackson-dataformat-csv\2.9.9\jackson-dataformat-csv-2.9.9.jar;C:\Users\user\.m2\repository\com\fasterxml\jackson\dataformat\jackson-dataformat-yaml\2.9.9\jackson-dataformat-yaml-2.9.9.jar;C:\Users\user\.m2\repository\org\yaml\snakeyaml\1.23\snakeyaml-1.23.jar;C:\Users\user\.m2\repository\junit\junit\4.12\junit-4.12.jar;C:\Users\user\.m2\repository\org\hamcrest\hamcrest-core\1.3\hamcrest-core-1.3.jar;C:\Users\user\.m2\repository\org\mockito\mockito-core\2.28.2\mockito-core-2.28.2.jar;C:\Users\user\.m2\repository\net\bytebuddy\byte-buddy\1.9.10\byte-buddy-1.9.10.jar;C:\Users\user\.m2\repository\net\bytebuddy\byte-buddy-agent\1.9.10\byte-buddy-agent-1.9.10.jar;C:\Users\user\.m2\repository\org\objenesis\objenesis\2.6\objenesis-2.6.jar;C:\Users\user\.m2\repository\org\codehaus\groovy\groovy-test\2.5.4\groovy-test-2.5.4.jar;C:\Users\user\.m2\repository\org\codehaus\groovy\groovy\2.5.4\groovy-2.5.4.jar;"/>
    <property name="java.vm.vendor" value="AdoptOpenJDK"/>
    <property name="sun.arch.data.model" value="64"/>
    <property name="user.variant" value=""/>
    <property name="java.vendor.url" value="https://adoptopenjdk.net/"/>
    <property name="user.timezone" value="Europe/Berlin"/>
    <property name="user.country.format" value="NL"/>
    <property name="java.vm.specification.version" value="11"/>
    <property name="os.name" value="Windows 8.1"/>
    <property name="sun.java.launcher" value="SUN_STANDARD"/>
    <property name="user.country" value="US"/>
    <property name="sun.boot.library.path" value="C:\Program Files\AdoptOpenJDK\jdk-11.0.4.11-hotspot\bin"/>
    <property name="sun.java.command" value="C:\Users\user\AppData\Local\Temp\surefire1081472284329963822\surefirebooter8237327528364441652.jar C:\Users\user\AppData\Local\Temp\surefire1081472284329963822 2019-11-08T10-48-31_474-jvmRun1 surefire14884216642692708296tmp surefire_0785189417658488222tmp"/>
    <property name="jdk.debug" value="release"/>
    <property name="surefire.test.class.path" value="C:\Users\user\Documents\workspace-jhipster\ConvertDataFormat\nifi-convertdataformat-processors\target\test-classes;C:\Users\user\Documents\workspace-jhipster\ConvertDataFormat\nifi-convertdataformat-processors\target\classes;C:\Users\user\.m2\repository\org\apache\nifi\nifi-api\1.10.0\nifi-api-1.10.0.jar;C:\Users\user\.m2\repository\org\apache\nifi\nifi-utils\1.10.0\nifi-utils-1.10.0.jar;C:\Users\user\.m2\repository\javax\xml\bind\jaxb-api\2.3.0\jaxb-api-2.3.0.jar;C:\Users\user\.m2\repository\com\sun\xml\bind\jaxb-core\2.3.0\jaxb-core-2.3.0.jar;C:\Users\user\.m2\repository\com\sun\xml\bind\jaxb-impl\2.3.0\jaxb-impl-2.3.0.jar;C:\Users\user\.m2\repository\org\apache\nifi\nifi-mock\1.10.0\nifi-mock-1.10.0.jar;C:\Users\user\.m2\repository\org\apache\nifi\nifi-framework-api\1.10.0\nifi-framework-api-1.10.0.jar;C:\Users\user\.m2\repository\org\apache\nifi\nifi-parameter\1.10.0\nifi-parameter-1.10.0.jar;C:\Users\user\.m2\repository\org\apache\nifi\nifi-expression-language\1.10.0\nifi-expression-language-1.10.0.jar;C:\Users\user\.m2\repository\org\antlr\antlr-runtime\3.5.2\antlr-runtime-3.5.2.jar;C:\Users\user\.m2\repository\com\jayway\jsonpath\json-path\2.4.0\json-path-2.4.0.jar;C:\Users\user\.m2\repository\net\minidev\json-smart\2.3\json-smart-2.3.jar;C:\Users\user\.m2\repository\net\minidev\accessors-smart\1.2\accessors-smart-1.2.jar;C:\Users\user\.m2\repository\org\ow2\asm\asm\5.0.4\asm-5.0.4.jar;C:\Users\user\.m2\repository\org\apache\commons\commons-text\1.8\commons-text-1.8.jar;C:\Users\user\.m2\repository\org\apache\nifi\nifi-data-provenance-utils\1.10.0\nifi-data-provenance-utils-1.10.0.jar;C:\Users\user\.m2\repository\org\apache\nifi\nifi-security-utils\1.10.0\nifi-security-utils-1.10.0.jar;C:\Users\user\.m2\repository\commons-codec\commons-codec\1.12\commons-codec-1.12.jar;C:\Users\user\.m2\repository\org\bouncycastle\bcpkix-jdk15on\1.61\bcpkix-jdk15on-1.61.jar;C:\Users\user\.m2\repository\de\svenkubiak\jBCrypt\0.4.1\jBCrypt-0.4.1.jar;C:\Users\user\.m2\repository\org\apache\commons\commons-configuration2\2.4\commons-configuration2-2.4.jar;C:\Users\user\.m2\repository\com\sun\activation\javax.activation\1.2.0\javax.activation-1.2.0.jar;C:\Users\user\.m2\repository\org\bouncycastle\bcprov-jdk15on\1.61\bcprov-jdk15on-1.61.jar;C:\Users\user\.m2\repository\org\apache\nifi\nifi-properties-loader\1.10.0\nifi-properties-loader-1.10.0.jar;C:\Users\user\.m2\repository\org\apache\nifi\nifi-properties\1.10.0\nifi-properties-1.10.0.jar;C:\Users\user\.m2\repository\org\slf4j\slf4j-simple\1.7.26\slf4j-simple-1.7.26.jar;C:\Users\user\.m2\repository\org\slf4j\slf4j-api\1.7.26\slf4j-api-1.7.26.jar;C:\Users\user\.m2\repository\commons-io\commons-io\2.6\commons-io-2.6.jar;C:\Users\user\.m2\repository\io\github\assimbly\docconverter\1.2.0\docconverter-1.2.0.jar;C:\Users\user\.m2\repository\commons-collections\commons-collections\3.2.2\commons-collections-3.2.2.jar;C:\Users\user\.m2\repository\commons-jxpath\commons-jxpath\1.3\commons-jxpath-1.3.jar;C:\Users\user\.m2\repository\com\opencsv\opencsv\4.4\opencsv-4.4.jar;C:\Users\user\.m2\repository\org\apache\commons\commons-lang3\3.8.1\commons-lang3-3.8.1.jar;C:\Users\user\.m2\repository\commons-beanutils\commons-beanutils\1.9.3\commons-beanutils-1.9.3.jar;C:\Users\user\.m2\repository\commons-logging\commons-logging\1.2\commons-logging-1.2.jar;C:\Users\user\.m2\repository\org\apache\commons\commons-collections4\4.2\commons-collections4-4.2.jar;C:\Users\user\.m2\repository\com\thoughtworks\xstream\xstream\1.4.11.1\xstream-1.4.11.1.jar;C:\Users\user\.m2\repository\xmlpull\xmlpull\1.1.3.1\xmlpull-1.1.3.1.jar;C:\Users\user\.m2\repository\xpp3\xpp3_min\1.1.4c\xpp3_min-1.1.4c.jar;C:\Users\user\.m2\repository\org\simpleflatmapper\sfm-csv\6.0.9\sfm-csv-6.0.9.jar;C:\Users\user\.m2\repository\org\simpleflatmapper\lightning-csv\6.0.9\lightning-csv-6.0.9-jdk9.jar;C:\Users\user\.m2\repository\org\simpleflatmapper\ow2-asm\6.2\ow2-asm-6.2.jar;C:\Users\user\.m2\repository\org\simpleflatmapper\sfm-util\6.0.9\sfm-util-6.0.9-jdk9.jar;C:\Users\user\.m2\repository\org\simpleflatmapper\sfm-map\6.0.9\sfm-map-6.0.9-jdk9.jar;C:\Users\user\.m2\repository\org\simpleflatmapper\sfm-reflect\6.0.9\sfm-reflect-6.0.9-jdk9.jar;C:\Users\user\.m2\repository\org\simpleflatmapper\sfm-converter\6.0.9\sfm-converter-6.0.9-jdk9.jar;C:\Users\user\.m2\repository\org\simpleflatmapper\sfm-tuples\6.0.9\sfm-tuples-6.0.9-jdk9.jar;C:\Users\user\.m2\repository\com\univocity\univocity-parsers\2.8.2\univocity-parsers-2.8.2.jar;C:\Users\user\.m2\repository\org\json\json\20180813\json-20180813.jar;C:\Users\user\.m2\repository\com\fasterxml\jackson\core\jackson-databind\2.9.9\jackson-databind-2.9.9.jar;C:\Users\user\.m2\repository\com\fasterxml\jackson\core\jackson-annotations\2.9.0\jackson-annotations-2.9.0.jar;C:\Users\user\.m2\repository\com\fasterxml\jackson\core\jackson-core\2.9.9\jackson-core-2.9.9.jar;C:\Users\user\.m2\repository\com\fasterxml\jackson\dataformat\jackson-dataformat-csv\2.9.9\jackson-dataformat-csv-2.9.9.jar;C:\Users\user\.m2\repository\com\fasterxml\jackson\dataformat\jackson-dataformat-yaml\2.9.9\jackson-dataformat-yaml-2.9.9.jar;C:\Users\user\.m2\repository\org\yaml\snakeyaml\1.23\snakeyaml-1.23.jar;C:\Users\user\.m2\repository\junit\junit\4.12\junit-4.12.jar;C:\Users\user\.m2\repository\org\hamcrest\hamcrest-core\1.3\hamcrest-core-1.3.jar;C:\Users\user\.m2\repository\org\mockito\mockito-core\2.28.2\mockito-core-2.28.2.jar;C:\Users\user\.m2\repository\net\bytebuddy\byte-buddy\1.9.10\byte-buddy-1.9.10.jar;C:\Users\user\.m2\repository\net\bytebuddy\byte-buddy-agent\1.9.10\byte-buddy-agent-1.9.10.jar;C:\Users\user\.m2\repository\org\objenesis\objenesis\2.6\objenesis-2.6.jar;C:\Users\user\.m2\repository\org\codehaus\groovy\groovy-test\2.5.4\groovy-test-2.5.4.jar;C:\Users\user\.m2\repository\org\codehaus\groovy\groovy\2.5.4\groovy-2.5.4.jar;"/>
    <property name="sun.cpu.endian" value="little"/>
    <property name="user.home" value="C:\Users\user"/>
    <property name="user.language" value="en"/>
    <property name="java.specification.vendor" value="Oracle Corporation"/>
    <property name="java.version.date" value="2019-07-16"/>
    <property name="java.home" value="C:\Program Files\AdoptOpenJDK\jdk-11.0.4.11-hotspot"/>
    <property name="file.separator" value="\"/>
    <property name="basedir" value="C:\Users\user\Documents\workspace-jhipster\ConvertDataFormat\nifi-convertdataformat-processors"/>
    <property name="java.vm.compressedOopsMode" value="32-bit"/>
    <property name="line.separator" value="&#10;"/>
    <property name="java.specification.name" value="Java Platform API Specification"/>
    <property name="java.vm.specification.vendor" value="Oracle Corporation"/>
    <property name="java.awt.graphicsenv" value="sun.awt.Win32GraphicsEnvironment"/>
    <property name="java.awt.headless" value="true"/>
    <property name="surefire.real.class.path" value="C:\Users\user\AppData\Local\Temp\surefire1081472284329963822\surefirebooter8237327528364441652.jar"/>
    <property name="user.script" value=""/>
    <property name="sun.management.compiler" value="HotSpot 64-Bit Tiered Compilers"/>
    <property name="java.runtime.version" value="11.0.4+11"/>
    <property name="user.name" value="user"/>
    <property name="java.net.preferIPv4Stack" value="true"/>
    <property name="path.separator" value=";"/>
    <property name="os.version" value="6.3"/>
    <property name="java.runtime.name" value="OpenJDK Runtime Environment"/>
    <property name="file.encoding" value="UTF-8"/>
    <property name="java.vm.name" value="OpenJDK 64-Bit Server VM"/>
    <property name="java.vendor.version" value="AdoptOpenJDK"/>
    <property name="localRepository" value="C:\Users\user\.m2\repository"/>
    <property name="java.vendor.url.bug" value="https://github.com/AdoptOpenJDK/openjdk-build/issues"/>
    <property name="java.io.tmpdir" value="C:\Users\user\AppData\Local\Temp\"/>
    <property name="java.version" value="11.0.4"/>
    <property name="user.dir" value="C:\Users\user\Documents\workspace-jhipster\ConvertDataFormat\nifi-convertdataformat-processors"/>
    <property name="os.arch" value="amd64"/>
    <property name="java.vm.specification.name" value="Java Virtual Machine Specification"/>
    <property name="java.awt.printerjob" value="sun.awt.windows.WPrinterJob"/>
    <property name="user.language.format" value="nl"/>
    <property name="sun.os.patch.level" value=""/>
    <property name="java.library.path" value="C:\Program Files\AdoptOpenJDK\jdk-11.0.4.11-hotspot\bin;C:\Windows\Sun\Java\bin;C:\Windows\system32;C:\Windows;C:/Program Files/Java/jdk1.8.0_191/bin/../jre/bin/server;C:/Program Files/Java/jdk1.8.0_191/bin/../jre/bin;C:/Program Files/Java/jdk1.8.0_191/bin/../jre/lib/amd64;C:\Program Files\AdoptOpenJDK\jdk-11.0.4.11-hotspot\bin;;C:\Windows\system32;C:\Windows;C:\Windows\System32\Wbem;C:\Windows\System32\WindowsPowerShell\v1.0\;C:\Program Files\TortoiseSVN\bin;C:\Program Files (x86)\Brackets\command;C:\Program Files (x86)\Gpg4win\..\GnuPG\bin;C:\Program Files\Git\cmd;C:\Program Files\nodejs\;C:\Program Files (x86)\Yarn\bin\;C:\Users\user\AppData\Local\GitHubDesktop\bin;C:\Users\user\AppData\Roaming\npm;C:\Users\user\AppData\Local\Yarn\bin;C:\Users\user\Documents\rad\sts-4.1.0.RELEASE;;."/>
    <property name="java.vendor" value="AdoptOpenJDK"/>
    <property name="java.vm.info" value="mixed mode"/>
    <property name="java.vm.version" value="11.0.4+11"/>
    <property name="sun.io.unicode.encoding" value="UnicodeLittle"/>
    <property name="java.class.version" value="55.0"/>
  </properties>
  <testcase name="testProcessor" classname="io.github.assimbly.processors.ConvertDataFormat.ConvertDataFormatTest" time="0.484"/>
</testsuite>