<?xml version="1.0" encoding="UTF-8"?>
<testsuite xmlns:xsi="http://www.w3.org/2001/XMLSchema-instance" xsi:noNamespaceSchemaLocation="https://maven.apache.org/surefire/maven-surefire-plugin/xsd/surefire-test-report.xsd" name="io.github.assimbly.processors.ConvertDataFormat.ConvertDataFormatTest" time="1.304" tests="1" errors="0" skipped="0" failures="0">
  <properties>
    <property name="sun.desktop" value="windows"/>
    <property name="awt.toolkit" value="sun.awt.windows.WToolkit"/>
    <property name="file.encoding.pkg" value="sun.io"/>
    <property name="java.specification.version" value="1.8"/>
    <property name="sun.cpu.isalist" value="amd64"/>
    <property name="sun.jnu.encoding" value="Cp1252"/>
    <property name="java.class.path" value="C:\Users\user\Documents\workspace-jhipster\ConvertDataFormat\nifi-convertdataformat-processors\target\test-classes;C:\Users\user\Documents\workspace-jhipster\ConvertDataFormat\nifi-convertdataformat-processors\target\classes;C:\Users\user\.m2\repository\org\apache\nifi\nifi-api\1.8.0\nifi-api-1.8.0.jar;C:\Users\user\.m2\repository\org\apache\nifi\nifi-utils\1.8.0\nifi-utils-1.8.0.jar;C:\Users\user\.m2\repository\org\apache\nifi\nifi-mock\1.8.0\nifi-mock-1.8.0.jar;C:\Users\user\.m2\repository\org\apache\nifi\nifi-framework-api\1.8.0\nifi-framework-api-1.8.0.jar;C:\Users\user\.m2\repository\org\apache\nifi\nifi-expression-language\1.8.0\nifi-expression-language-1.8.0.jar;C:\Users\user\.m2\repository\org\antlr\antlr-runtime\3.5.2\antlr-runtime-3.5.2.jar;C:\Users\user\.m2\repository\com\jayway\jsonpath\json-path\2.4.0\json-path-2.4.0.jar;C:\Users\user\.m2\repository\net\minidev\json-smart\2.3\json-smart-2.3.jar;C:\Users\user\.m2\repository\net\minidev\accessors-smart\1.2\accessors-smart-1.2.jar;C:\Users\user\.m2\repository\org\ow2\asm\asm\5.0.4\asm-5.0.4.jar;C:\Users\user\.m2\repository\org\apache\commons\commons-text\1.4\commons-text-1.4.jar;C:\Users\user\.m2\repository\org\apache\nifi\nifi-data-provenance-utils\1.8.0\nifi-data-provenance-utils-1.8.0.jar;C:\Users\user\.m2\repository\org\apache\nifi\nifi-security-utils\1.8.0\nifi-security-utils-1.8.0.jar;C:\Users\user\.m2\repository\commons-codec\commons-codec\1.11\commons-codec-1.11.jar;C:\Users\user\.m2\repository\org\bouncycastle\bcpkix-jdk15on\1.60\bcpkix-jdk15on-1.60.jar;C:\Users\user\.m2\repository\de\svenkubiak\jBCrypt\0.4.1\jBCrypt-0.4.1.jar;C:\Users\user\.m2\repository\org\bouncycastle\bcprov-jdk15on\1.60\bcprov-jdk15on-1.60.jar;C:\Users\user\.m2\repository\org\apache\nifi\nifi-properties-loader\1.8.0\nifi-properties-loader-1.8.0.jar;C:\Users\user\.m2\repository\ch\qos\logback\logback-classic\1.2.3\logback-classic-1.2.3.jar;C:\Users\user\.m2\repository\ch\qos\logback\logback-core\1.2.3\logback-core-1.2.3.jar;C:\Users\user\.m2\repository\org\apache\nifi\nifi-properties\1.8.0\nifi-properties-1.8.0.jar;C:\Users\user\.m2\repository\org\slf4j\slf4j-simple\1.7.25\slf4j-simple-1.7.25.jar;C:\Users\user\.m2\repository\org\slf4j\slf4j-api\1.7.25\slf4j-api-1.7.25.jar;C:\Users\user\.m2\repository\commons-io\commons-io\2.6\commons-io-2.6.jar;C:\Users\user\.m2\repository\io\github\assimbly\docconverter\1.2.0\docconverter-1.2.0.jar;C:\Users\user\.m2\repository\commons-collections\commons-collections\3.2.2\commons-collections-3.2.2.jar;C:\Users\user\.m2\repository\commons-jxpath\commons-jxpath\1.3\commons-jxpath-1.3.jar;C:\Users\user\.m2\repository\com\opencsv\opencsv\4.4\opencsv-4.4.jar;C:\Users\user\.m2\repository\org\apache\commons\commons-lang3\3.8.1\commons-lang3-3.8.1.jar;C:\Users\user\.m2\repository\commons-beanutils\commons-beanutils\1.9.3\commons-beanutils-1.9.3.jar;C:\Users\user\.m2\repository\commons-logging\commons-logging\1.2\commons-logging-1.2.jar;C:\Users\user\.m2\repository\org\apache\commons\commons-collections4\4.2\commons-collections4-4.2.jar;C:\Users\user\.m2\repository\com\thoughtworks\xstream\xstream\1.4.11.1\xstream-1.4.11.1.jar;C:\Users\user\.m2\repository\xmlpull\xmlpull\1.1.3.1\xmlpull-1.1.3.1.jar;C:\Users\user\.m2\repository\xpp3\xpp3_min\1.1.4c\xpp3_min-1.1.4c.jar;C:\Users\user\.m2\repository\org\simpleflatmapper\sfm-csv\6.0.9\sfm-csv-6.0.9.jar;C:\Users\user\.m2\repository\org\simpleflatmapper\lightning-csv\6.0.9\lightning-csv-6.0.9.jar;C:\Users\user\.m2\repository\org\simpleflatmapper\ow2-asm\6.2\ow2-asm-6.2.jar;C:\Users\user\.m2\repository\org\simpleflatmapper\sfm-util\6.0.9\sfm-util-6.0.9.jar;C:\Users\user\.m2\repository\org\simpleflatmapper\sfm-map\6.0.9\sfm-map-6.0.9.jar;C:\Users\user\.m2\repository\org\simpleflatmapper\sfm-reflect\6.0.9\sfm-reflect-6.0.9.jar;C:\Users\user\.m2\repository\org\simpleflatmapper\sfm-converter\6.0.9\sfm-converter-6.0.9.jar;C:\Users\user\.m2\repository\org\simpleflatmapper\sfm-tuples\6.0.9\sfm-tuples-6.0.9.jar;C:\Users\user\.m2\repository\com\univocity\univocity-parsers\2.8.2\univocity-parsers-2.8.2.jar;C:\Users\user\.m2\repository\org\json\json\20180813\json-20180813.jar;C:\Users\user\.m2\repository\com\fasterxml\jackson\core\jackson-databind\2.9.9\jackson-databind-2.9.9.jar;C:\Users\user\.m2\repository\com\fasterxml\jackson\core\jackson-annotations\2.9.0\jackson-annotations-2.9.0.jar;C:\Users\user\.m2\repository\com\fasterxml\jackson\core\jackson-core\2.9.9\jackson-core-2.9.9.jar;C:\Users\user\.m2\repository\com\fasterxml\jackson\dataformat\jackson-dataformat-csv\2.9.9\jackson-dataformat-csv-2.9.9.jar;C:\Users\user\.m2\repository\com\fasterxml\jackson\dataformat\jackson-dataformat-yaml\2.9.9\jackson-dataformat-yaml-2.9.9.jar;C:\Users\user\.m2\repository\org\yaml\snakeyaml\1.23\snakeyaml-1.23.jar;C:\Users\user\.m2\repository\junit\junit\4.12\junit-4.12.jar;C:\Users\user\.m2\repository\org\hamcrest\hamcrest-core\1.3\hamcrest-core-1.3.jar;C:\Users\user\.m2\repository\org\mockito\mockito-core\1.10.19\mockito-core-1.10.19.jar;C:\Users\user\.m2\repository\org\objenesis\objenesis\2.1\objenesis-2.1.jar;C:\Users\user\.m2\repository\org\codehaus\groovy\groovy-all\2.4.13\groovy-all-2.4.13.jar;"/>
    <property name="java.vm.vendor" value="Oracle Corporation"/>
    <property name="sun.arch.data.model" value="64"/>
    <property name="user.variant" value=""/>
    <property name="java.vendor.url" value="http://java.oracle.com/"/>
    <property name="user.timezone" value=""/>
    <property name="user.country.format" value="NL"/>
    <property name="java.vm.specification.version" value="1.8"/>
    <property name="os.name" value="Windows 8.1"/>
    <property name="user.country" value="US"/>
    <property name="sun.java.launcher" value="SUN_STANDARD"/>
    <property name="sun.boot.library.path" value="C:\Program Files\Java\jdk1.8.0_191\jre\bin"/>
    <property name="sun.java.command" value="C:\Users\user\AppData\Local\Temp\surefire4101682392813211657\surefirebooter624510342950814855.jar C:\Users\user\AppData\Local\Temp\surefire4101682392813211657 2019-07-24T16-29-28_272-jvmRun1 surefire3366552999933731082tmp surefire_04770706941828802806tmp"/>
    <property name="surefire.test.class.path" value="C:\Users\user\Documents\workspace-jhipster\ConvertDataFormat\nifi-convertdataformat-processors\target\test-classes;C:\Users\user\Documents\workspace-jhipster\ConvertDataFormat\nifi-convertdataformat-processors\target\classes;C:\Users\user\.m2\repository\org\apache\nifi\nifi-api\1.8.0\nifi-api-1.8.0.jar;C:\Users\user\.m2\repository\org\apache\nifi\nifi-utils\1.8.0\nifi-utils-1.8.0.jar;C:\Users\user\.m2\repository\org\apache\nifi\nifi-mock\1.8.0\nifi-mock-1.8.0.jar;C:\Users\user\.m2\repository\org\apache\nifi\nifi-framework-api\1.8.0\nifi-framework-api-1.8.0.jar;C:\Users\user\.m2\repository\org\apache\nifi\nifi-expression-language\1.8.0\nifi-expression-language-1.8.0.jar;C:\Users\user\.m2\repository\org\antlr\antlr-runtime\3.5.2\antlr-runtime-3.5.2.jar;C:\Users\user\.m2\repository\com\jayway\jsonpath\json-path\2.4.0\json-path-2.4.0.jar;C:\Users\user\.m2\repository\net\minidev\json-smart\2.3\json-smart-2.3.jar;C:\Users\user\.m2\repository\net\minidev\accessors-smart\1.2\accessors-smart-1.2.jar;C:\Users\user\.m2\repository\org\ow2\asm\asm\5.0.4\asm-5.0.4.jar;C:\Users\user\.m2\repository\org\apache\commons\commons-text\1.4\commons-text-1.4.jar;C:\Users\user\.m2\repository\org\apache\nifi\nifi-data-provenance-utils\1.8.0\nifi-data-provenance-utils-1.8.0.jar;C:\Users\user\.m2\repository\org\apache\nifi\nifi-security-utils\1.8.0\nifi-security-utils-1.8.0.jar;C:\Users\user\.m2\repository\commons-codec\commons-codec\1.11\commons-codec-1.11.jar;C:\Users\user\.m2\repository\org\bouncycastle\bcpkix-jdk15on\1.60\bcpkix-jdk15on-1.60.jar;C:\Users\user\.m2\repository\de\svenkubiak\jBCrypt\0.4.1\jBCrypt-0.4.1.jar;C:\Users\user\.m2\repository\org\bouncycastle\bcprov-jdk15on\1.60\bcprov-jdk15on-1.60.jar;C:\Users\user\.m2\repository\org\apache\nifi\nifi-properties-loader\1.8.0\nifi-properties-loader-1.8.0.jar;C:\Users\user\.m2\repository\ch\qos\logback\logback-classic\1.2.3\logback-classic-1.2.3.jar;C:\Users\user\.m2\repository\ch\qos\logback\logback-core\1.2.3\logback-core-1.2.3.jar;C:\Users\user\.m2\repository\org\apache\nifi\nifi-properties\1.8.0\nifi-properties-1.8.0.jar;C:\Users\user\.m2\repository\org\slf4j\slf4j-simple\1.7.25\slf4j-simple-1.7.25.jar;C:\Users\user\.m2\repository\org\slf4j\slf4j-api\1.7.25\slf4j-api-1.7.25.jar;C:\Users\user\.m2\repository\commons-io\commons-io\2.6\commons-io-2.6.jar;C:\Users\user\.m2\repository\io\github\assimbly\docconverter\1.2.0\docconverter-1.2.0.jar;C:\Users\user\.m2\repository\commons-collections\commons-collections\3.2.2\commons-collections-3.2.2.jar;C:\Users\user\.m2\repository\commons-jxpath\commons-jxpath\1.3\commons-jxpath-1.3.jar;C:\Users\user\.m2\repository\com\opencsv\opencsv\4.4\opencsv-4.4.jar;C:\Users\user\.m2\repository\org\apache\commons\commons-lang3\3.8.1\commons-lang3-3.8.1.jar;C:\Users\user\.m2\repository\commons-beanutils\commons-beanutils\1.9.3\commons-beanutils-1.9.3.jar;C:\Users\user\.m2\repository\commons-logging\commons-logging\1.2\commons-logging-1.2.jar;C:\Users\user\.m2\repository\org\apache\commons\commons-collections4\4.2\commons-collections4-4.2.jar;C:\Users\user\.m2\repository\com\thoughtworks\xstream\xstream\1.4.11.1\xstream-1.4.11.1.jar;C:\Users\user\.m2\repository\xmlpull\xmlpull\1.1.3.1\xmlpull-1.1.3.1.jar;C:\Users\user\.m2\repository\xpp3\xpp3_min\1.1.4c\xpp3_min-1.1.4c.jar;C:\Users\user\.m2\repository\org\simpleflatmapper\sfm-csv\6.0.9\sfm-csv-6.0.9.jar;C:\Users\user\.m2\repository\org\simpleflatmapper\lightning-csv\6.0.9\lightning-csv-6.0.9.jar;C:\Users\user\.m2\repository\org\simpleflatmapper\ow2-asm\6.2\ow2-asm-6.2.jar;C:\Users\user\.m2\repository\org\simpleflatmapper\sfm-util\6.0.9\sfm-util-6.0.9.jar;C:\Users\user\.m2\repository\org\simpleflatmapper\sfm-map\6.0.9\sfm-map-6.0.9.jar;C:\Users\user\.m2\repository\org\simpleflatmapper\sfm-reflect\6.0.9\sfm-reflect-6.0.9.jar;C:\Users\user\.m2\repository\org\simpleflatmapper\sfm-converter\6.0.9\sfm-converter-6.0.9.jar;C:\Users\user\.m2\repository\org\simpleflatmapper\sfm-tuples\6.0.9\sfm-tuples-6.0.9.jar;C:\Users\user\.m2\repository\com\univocity\univocity-parsers\2.8.2\univocity-parsers-2.8.2.jar;C:\Users\user\.m2\repository\org\json\json\20180813\json-20180813.jar;C:\Users\user\.m2\repository\com\fasterxml\jackson\core\jackson-databind\2.9.9\jackson-databind-2.9.9.jar;C:\Users\user\.m2\repository\com\fasterxml\jackson\core\jackson-annotations\2.9.0\jackson-annotations-2.9.0.jar;C:\Users\user\.m2\repository\com\fasterxml\jackson\core\jackson-core\2.9.9\jackson-core-2.9.9.jar;C:\Users\user\.m2\repository\com\fasterxml\jackson\dataformat\jackson-dataformat-csv\2.9.9\jackson-dataformat-csv-2.9.9.jar;C:\Users\user\.m2\repository\com\fasterxml\jackson\dataformat\jackson-dataformat-yaml\2.9.9\jackson-dataformat-yaml-2.9.9.jar;C:\Users\user\.m2\repository\org\yaml\snakeyaml\1.23\snakeyaml-1.23.jar;C:\Users\user\.m2\repository\junit\junit\4.12\junit-4.12.jar;C:\Users\user\.m2\repository\org\hamcrest\hamcrest-core\1.3\hamcrest-core-1.3.jar;C:\Users\user\.m2\repository\org\mockito\mockito-core\1.10.19\mockito-core-1.10.19.jar;C:\Users\user\.m2\repository\org\objenesis\objenesis\2.1\objenesis-2.1.jar;C:\Users\user\.m2\repository\org\codehaus\groovy\groovy-all\2.4.13\groovy-all-2.4.13.jar;"/>
    <property name="sun.cpu.endian" value="little"/>
    <property name="user.home" value="C:\Users\user"/>
    <property name="user.language" value="en"/>
    <property name="java.specification.vendor" value="Oracle Corporation"/>
    <property name="java.home" value="C:\Program Files\Java\jdk1.8.0_191\jre"/>
    <property name="basedir" value="C:\Users\user\Documents\workspace-jhipster\ConvertDataFormat\nifi-convertdataformat-processors"/>
    <property name="file.separator" value="\"/>
    <property name="line.separator" value="&#10;"/>
    <property name="java.vm.specification.vendor" value="Oracle Corporation"/>
    <property name="java.specification.name" value="Java Platform API Specification"/>
    <property name="java.awt.graphicsenv" value="sun.awt.Win32GraphicsEnvironment"/>
    <property name="java.awt.headless" value="true"/>
    <property name="surefire.real.class.path" value="C:\Users\user\AppData\Local\Temp\surefire4101682392813211657\surefirebooter624510342950814855.jar"/>
    <property name="sun.boot.class.path" value="C:\Program Files\Java\jdk1.8.0_191\jre\lib\resources.jar;C:\Program Files\Java\jdk1.8.0_191\jre\lib\rt.jar;C:\Program Files\Java\jdk1.8.0_191\jre\lib\sunrsasign.jar;C:\Program Files\Java\jdk1.8.0_191\jre\lib\jsse.jar;C:\Program Files\Java\jdk1.8.0_191\jre\lib\jce.jar;C:\Program Files\Java\jdk1.8.0_191\jre\lib\charsets.jar;C:\Program Files\Java\jdk1.8.0_191\jre\lib\jfr.jar;C:\Program Files\Java\jdk1.8.0_191\jre\classes"/>
    <property name="user.script" value=""/>
    <property name="sun.management.compiler" value="HotSpot 64-Bit Tiered Compilers"/>
    <property name="java.runtime.version" value="1.8.0_191-b12"/>
    <property name="java.net.preferIPv4Stack" value="true"/>
    <property name="user.name" value="user"/>
    <property name="path.separator" value=";"/>
    <property name="os.version" value="6.3"/>
    <property name="java.endorsed.dirs" value="C:\Program Files\Java\jdk1.8.0_191\jre\lib\endorsed"/>
    <property name="java.runtime.name" value="Java(TM) SE Runtime Environment"/>
    <property name="file.encoding" value="UTF-8"/>
    <property name="java.vm.name" value="Java HotSpot(TM) 64-Bit Server VM"/>
    <property name="localRepository" value="C:\Users\user\.m2\repository"/>
    <property name="java.vendor.url.bug" value="http://bugreport.sun.com/bugreport/"/>
    <property name="java.io.tmpdir" value="C:\Users\user\AppData\Local\Temp\"/>
    <property name="java.version" value="1.8.0_191"/>
    <property name="user.dir" value="C:\Users\user\Documents\workspace-jhipster\ConvertDataFormat\nifi-convertdataformat-processors"/>
    <property name="os.arch" value="amd64"/>
    <property name="java.vm.specification.name" value="Java Virtual Machine Specification"/>
    <property name="java.awt.printerjob" value="sun.awt.windows.WPrinterJob"/>
    <property name="user.language.format" value="nl"/>
    <property name="sun.os.patch.level" value=""/>
    <property name="java.library.path" value="C:\Program Files\Java\jdk1.8.0_191\jre\bin;C:\Windows\Sun\Java\bin;C:\Windows\system32;C:\Windows;C:/Program Files/Java/jdk1.8.0_191/bin/../jre/bin/server;C:/Program Files/Java/jdk1.8.0_191/bin/../jre/bin;C:/Program Files/Java/jdk1.8.0_191/bin/../jre/lib/amd64;C:\Program Files (x86)\Common Files\Oracle\Java\javapath;C:\ProgramData\Oracle\Java\javapath;C:\Program Files\Java\jdk1.8.0_144\bin;C:\Windows\system32;C:\Windows;C:\Windows\System32\Wbem;C:\Windows\System32\WindowsPowerShell\v1.0\;C:\Program Files\TortoiseSVN\bin;C:\Program Files (x86)\Brackets\command;C:\Program Files (x86)\Gpg4win\..\GnuPG\bin;C:\Program Files\Git\cmd;C:\Program Files\nodejs\;C:\Program Files (x86)\Yarn\bin\;C:\Users\user\AppData\Local\GitHubDesktop\bin;C:\Users\user\AppData\Roaming\npm;C:\Users\user\AppData\Local\Yarn\bin;C:\Users\user\Documents\rad\sts-4.1.0.RELEASE;;."/>
    <property name="java.vm.info" value="mixed mode"/>
    <property name="java.vendor" value="Oracle Corporation"/>
    <property name="java.vm.version" value="25.191-b12"/>
    <property name="java.ext.dirs" value="C:\Program Files\Java\jdk1.8.0_191\jre\lib\ext;C:\Windows\Sun\Java\lib\ext"/>
    <property name="sun.io.unicode.encoding" value="UnicodeLittle"/>
    <property name="java.class.version" value="52.0"/>
  </properties>
  <testcase name="testProcessor" classname="io.github.assimbly.processors.ConvertDataFormat.ConvertDataFormatTest" time="1.037"/>
</testsuite>